<?xml version="1.0" encoding="UTF-8"?>
<robot generator="Robot 3.1.1 (Python 3.6.6 on linux)" generated="20190322 13:21:41.081" rpa="false">
<suite id="s1" name="Number Of Products Displayed" source="/home/ibm/PycharmProjects/robot/DemoStore/tests/Homepage/number_of_products_displayed.robot">
<test id="s1-t1" name="Home page should have 16 items displayed">
<kw name="When open browser" library="SeleniumLibrary">
<doc>Opens a new browser instance to the given ``url``.</doc>
<arguments>
<arg>about:blank</arg>
<arg>Chrome</arg>
</arguments>
<msg timestamp="20190322 13:21:41.265" level="INFO">Opening browser 'Chrome' to base url 'about:blank'.</msg>
<status status="PASS" starttime="20190322 13:21:41.264" endtime="20190322 13:21:43.055"></status>
</kw>
<kw name="Then go to" library="SeleniumLibrary">
<doc>Navigates the active browser instance to the provided ``url``.</doc>
<arguments>
<arg>http://demostore.supersqa.com</arg>
</arguments>
<msg timestamp="20190322 13:21:43.056" level="INFO">Opening url 'http://demostore.supersqa.com'</msg>
<status status="PASS" starttime="20190322 13:21:43.055" endtime="20190322 13:21:53.135"></status>
</kw>
<kw name="Then verify 16 products are displayed" library="homepage.homepage">
<doc>:return:</doc>
<msg timestamp="20190322 13:21:53.192" level="INFO">Checking if products are visible on page</msg>
<status status="PASS" starttime="20190322 13:21:53.135" endtime="20190322 13:21:53.422"></status>
</kw>
<kw name="And close browser" library="SeleniumLibrary">
<doc>Closes the current browser.</doc>
<status status="PASS" starttime="20190322 13:21:53.422" endtime="20190322 13:21:53.480"></status>
</kw>
<tags>
<tag>DEBUG</tag>
</tags>
<status status="PASS" starttime="20190322 13:21:41.263" endtime="20190322 13:21:53.480" critical="yes"></status>
</test>
<doc>Suite description</doc>
<status status="PASS" starttime="20190322 13:21:41.081" endtime="20190322 13:21:53.482"></status>
</suite>
<statistics>
<total>
<stat pass="1" fail="0">Critical Tests</stat>
<stat pass="1" fail="0">All Tests</stat>
</total>
<tag>
<stat pass="1" fail="0">DEBUG</stat>
</tag>
<suite>
<stat pass="1" fail="0" id="s1" name="Number Of Products Displayed">Number Of Products Displayed</stat>
</suite>
</statistics>
<errors>
</errors>
</robot>
