<?xml version="1.0" encoding="UTF-8"?>
<robot generator="Robot 3.1.1 (Python 3.6.6 on linux)" generated="20190321 12:35:51.416" rpa="false">
<suite id="s1" name="KeywordDecoratorDemo" source="/home/ibm/PycharmProjects/robot/DemoStore/tests/misc/KeywordDecoratorDemo.robot">
<test id="s1-t1" name="Refund calculated correctly">
<kw name="The user has requested for a refund" library="miscLibraries.TheKeywordDecorator">
<status status="PASS" starttime="20190321 12:35:51.445" endtime="20190321 12:35:51.445"></status>
</kw>
<kw name="The Order Should Be Refunded Fully" library="miscLibraries.TheKeywordDecorator">
<status status="PASS" starttime="20190321 12:35:51.445" endtime="20190321 12:35:51.445"></status>
</kw>
<status status="PASS" starttime="20190321 12:35:51.444" endtime="20190321 12:35:51.446" critical="yes"></status>
</test>
<status status="PASS" starttime="20190321 12:35:51.417" endtime="20190321 12:35:51.446"></status>
</suite>
<statistics>
<total>
<stat pass="1" fail="0">Critical Tests</stat>
<stat pass="1" fail="0">All Tests</stat>
</total>
<tag>
</tag>
<suite>
<stat pass="1" fail="0" id="s1" name="KeywordDecoratorDemo">KeywordDecoratorDemo</stat>
</suite>
</statistics>
<errors>
</errors>
</robot>
