<?xml version="1.0" encoding="UTF-8"?>
<robot generator="Robot 3.1.1 (Python 3.6.6 on linux)" generated="20190322 14:17:44.719" rpa="false">
<suite id="s1" name="Search" source="/home/ibm/PycharmProjects/robot/DemoStore/tests/Search/search.robot">
<test id="s1-t1" name="User should be able to search for an existing product">
<kw name="Open Browser" library="SeleniumLibrary">
<doc>Opens a new browser instance to the given ``url``.</doc>
<arguments>
<arg>about:blank</arg>
<arg>Chrome</arg>
</arguments>
<msg timestamp="20190322 14:17:44.854" level="INFO">Opening browser 'Chrome' to base url 'about:blank'.</msg>
<status status="PASS" starttime="20190322 14:17:44.853" endtime="20190322 14:17:46.442"></status>
</kw>
<kw name="Go To" library="SeleniumLibrary">
<doc>Navigates the active browser instance to the provided ``url``.</doc>
<arguments>
<arg>${HOME PAGE URL}</arg>
</arguments>
<msg timestamp="20190322 14:17:46.443" level="INFO">Opening url 'http://demostore.supersqa.com'</msg>
<status status="PASS" starttime="20190322 14:17:46.443" endtime="20190322 14:18:04.112"></status>
</kw>
<kw name="Input Text" library="SeleniumLibrary">
<doc>Types the given ``text`` into text field identified by ``locator``.</doc>
<arguments>
<arg>${SEARCH FIELD ID}</arg>
<arg>${EXISTING ITEM SEARCH TERM}</arg>
</arguments>
<msg timestamp="20190322 14:18:04.113" level="INFO">Typing text 'Beanie with Logo' into text field 'woocommerce-product-search-field-0'.</msg>
<status status="PASS" starttime="20190322 14:18:04.113" endtime="20190322 14:18:04.241"></status>
</kw>
<kw name="Press Key" library="SeleniumLibrary">
<doc>Deprecated use `Press Keys` instead.</doc>
<arguments>
<arg>${SEARCH FIELD ID}</arg>
<arg>${ASCI CODE FOR ENTER}</arg>
</arguments>
<status status="PASS" starttime="20190322 14:18:04.241" endtime="20190322 14:18:14.336"></status>
</kw>
<kw name="Location Should Contain" library="SeleniumLibrary">
<doc>Verifies that current URL contains ``expected``.</doc>
<arguments>
<arg>${EXPECTED URL TEXT}</arg>
</arguments>
<msg timestamp="20190322 14:18:14.353" level="INFO">Current location contains '/product/beanie-with-logo/'.</msg>
<status status="PASS" starttime="20190322 14:18:14.337" endtime="20190322 14:18:14.353"></status>
</kw>
<tags>
<tag>DEBUG</tag>
</tags>
<status status="PASS" starttime="20190322 14:17:44.852" endtime="20190322 14:18:14.354" critical="yes"></status>
</test>
<doc>Suite description</doc>
<status status="PASS" starttime="20190322 14:17:44.720" endtime="20190322 14:18:14.355"></status>
</suite>
<statistics>
<total>
<stat pass="1" fail="0">Critical Tests</stat>
<stat pass="1" fail="0">All Tests</stat>
</total>
<tag>
<stat pass="1" fail="0">DEBUG</stat>
</tag>
<suite>
<stat pass="1" fail="0" id="s1" name="Search">Search</stat>
</suite>
</statistics>
<errors>
</errors>
</robot>
